<?xml version="1.0" encoding="UTF-8"?>
<coverage generated="1730748659215" clover="3.2.0">
  <project timestamp="1730748659215" name="All files">
    <metrics statements="18" coveredstatements="13" conditionals="8" coveredconditionals="6" methods="6" coveredmethods="3" elements="32" coveredelements="22" complexity="0" loc="18" ncloc="18" packages="1" files="2" classes="2"/>
    <file name="quizQuestions.js" path="C:\Users\MTHANDAZO\Desktop\QuizWiz\js\quizQuestions.js">
      <metrics statements="1" coveredstatements="1" conditionals="0" coveredconditionals="0" methods="0" coveredmethods="0"/>
      <line num="1" count="1" type="stmt"/>
    </file>
    <file name="utils.js" path="C:\Users\MTHANDAZO\Desktop\QuizWiz\js\utils.js">
      <metrics statements="17" coveredstatements="12" conditionals="8" coveredconditionals="6" methods="6" coveredmethods="3"/>
      <line num="1" count="1" type="stmt"/>
      <line num="2" count="1" type="stmt"/>
      <line num="4" count="1" type="stmt"/>
      <line num="11" count="3" type="cond" truecount="2" falsecount="0"/>
      <line num="12" count="1" type="stmt"/>
      <line num="14" count="2" type="cond" truecount="2" falsecount="0"/>
      <line num="15" count="1" type="stmt"/>
      <line num="17" count="1" type="stmt"/>
      <line num="22" count="5" type="cond" truecount="2" falsecount="0"/>
      <line num="23" count="4" type="stmt"/>
      <line num="25" count="5" type="stmt"/>
      <line num="30" count="0" type="stmt"/>
      <line num="31" count="0" type="stmt"/>
      <line num="35" count="0" type="cond" truecount="0" falsecount="2"/>
      <line num="36" count="0" type="stmt"/>
      <line num="40" count="0" type="stmt"/>
      <line num="49" count="7" type="stmt"/>
    </file>
  </project>
</coverage>
