{"/Users/dam152/Downloads/QuizWiz/js/quizQuestions.js": {"path":"/Users/dam152/Downloads/QuizWiz/js/quizQuestions.js","statementMap":{"0":{"start":{"line":1,"column":22},"end":{"line":276,"column":1}}},"fnMap":{},"branchMap":{},"s":{"0":1},"f":{},"b":{},"_coverageSchema":"1a1c01bbd47fc00a2c39e90264f33305004495a9","hash":"2c4de40f4c6631df3a8567c022fab02b76eff01d"}
,"/Users/dam152/Downloads/QuizWiz/js/utils.js": {"path":"/Users/dam152/Downloads/QuizWiz/js/utils.js","statementMap":{"0":{"start":{"line":1,"column":15},"end":{"line":1,"column":17}},"1":{"start":{"line":2,"column":12},"end":{"line":2,"column":13}},"2":{"start":{"line":4,"column":18},"end":{"line":4,"column":19}},"3":{"start":{"line":5,"column":21},"end":{"line":5,"column":23}},"4":{"start":{"line":11,"column":2},"end":{"line":13,"column":3}},"5":{"start":{"line":12,"column":4},"end":{"line":12,"column":40}},"6":{"start":{"line":14,"column":2},"end":{"line":16,"column":3}},"7":{"start":{"line":15,"column":4},"end":{"line":15,"column":40}},"8":{"start":{"line":17,"column":2},"end":{"line":17,"column":25}},"9":{"start":{"line":22,"column":2},"end":{"line":24,"column":3}},"10":{"start":{"line":23,"column":4},"end":{"line":23,"column":15}},"11":{"start":{"line":25,"column":2},"end":{"line":25,"column":15}},"12":{"start":{"line":30,"column":28},"end":{"line":30,"column":73}},"13":{"start":{"line":30,"column":53},"end":{"line":30,"column":72}},"14":{"start":{"line":31,"column":2},"end":{"line":31,"column":51}},"15":{"start":{"line":32,"column":2},"end":{"line":32,"column":35}},"16":{"start":{"line":36,"column":2},"end":{"line":43,"column":3}},"17":{"start":{"line":37,"column":4},"end":{"line":37,"column":17}},"18":{"start":{"line":41,"column":4},"end":{"line":41,"column":29}},"19":{"start":{"line":42,"column":3},"end":{"line":42,"column":39}},"20":{"start":{"line":52,"column":4},"end":{"line":52,"column":13}},"21":{"start":{"line":55,"column":2},"end":{"line":55,"column":16}},"22":{"start":{"line":58,"column":0},"end":{"line":58,"column":19}}},"fnMap":{"0":{"name":"saveUserName","decl":{"start":{"line":10,"column":9},"end":{"line":10,"column":21}},"loc":{"start":{"line":10,"column":28},"end":{"line":18,"column":1}},"line":10},"1":{"name":"increaseScore","decl":{"start":{"line":21,"column":9},"end":{"line":21,"column":22}},"loc":{"start":{"line":21,"column":34},"end":{"line":26,"column":1}},"line":21},"2":{"name":"randomizeQuestion","decl":{"start":{"line":29,"column":9},"end":{"line":29,"column":26}},"loc":{"start":{"line":29,"column":28},"end":{"line":33,"column":1}},"line":29},"3":{"name":"(anonymous_3)","decl":{"start":{"line":30,"column":47},"end":{"line":30,"column":48}},"loc":{"start":{"line":30,"column":53},"end":{"line":30,"column":72}},"line":30},"4":{"name":"answerSelected","decl":{"start":{"line":35,"column":9},"end":{"line":35,"column":23}},"loc":{"start":{"line":35,"column":31},"end":{"line":45,"column":1}},"line":35},"5":{"name":"clearScore","decl":{"start":{"line":51,"column":9},"end":{"line":51,"column":19}},"loc":{"start":{"line":51,"column":22},"end":{"line":53,"column":1}},"line":51},"6":{"name":"clearQuiz","decl":{"start":{"line":54,"column":9},"end":{"line":54,"column":18}},"loc":{"start":{"line":54,"column":21},"end":{"line":56,"column":1}},"line":54}},"branchMap":{"0":{"loc":{"start":{"line":11,"column":2},"end":{"line":13,"column":3}},"type":"if","locations":[{"start":{"line":11,"column":2},"end":{"line":13,"column":3}},{"start":{},"end":{}}],"line":11},"1":{"loc":{"start":{"line":14,"column":2},"end":{"line":16,"column":3}},"type":"if","locations":[{"start":{"line":14,"column":2},"end":{"line":16,"column":3}},{"start":{},"end":{}}],"line":14},"2":{"loc":{"start":{"line":22,"column":2},"end":{"line":24,"column":3}},"type":"if","locations":[{"start":{"line":22,"column":2},"end":{"line":24,"column":3}},{"start":{},"end":{}}],"line":22},"3":{"loc":{"start":{"line":36,"column":2},"end":{"line":43,"column":3}},"type":"if","locations":[{"start":{"line":36,"column":2},"end":{"line":43,"column":3}},{"start":{"line":40,"column":6},"end":{"line":43,"column":3}}],"line":36}},"s":{"0":1,"1":1,"2":1,"3":1,"4":3,"5":1,"6":2,"7":1,"8":1,"9":5,"10":4,"11":5,"12":2,"13":276,"14":2,"15":2,"16":4,"17":3,"18":1,"19":1,"20":7,"21":3,"22":1},"f":{"0":3,"1":5,"2":2,"3":276,"4":4,"5":7,"6":3},"b":{"0":[1,2],"1":[1,1],"2":[4,1],"3":[3,1]},"_coverageSchema":"1a1c01bbd47fc00a2c39e90264f33305004495a9","hash":"8495461d47857831b01c150ed9064905d47126a0"}
}
