TN:
SF:js\quizQuestions.js
FNF:0
FNH:0
DA:1,1
LF:1
LH:1
BRF:0
BRH:0
end_of_record
TN:
SF:js\utils.js
FN:10,saveUserName
FN:21,increaseScore
FN:29,randsomizeQuestion
FN:30,(anonymous_3)
FN:34,answerSelected
FN:48,clearScore
FNF:6
FNH:3
FNDA:3,saveUserName
FNDA:5,increaseScore
FNDA:0,randsomizeQuestion
FNDA:0,(anonymous_3)
FNDA:0,answerSelected
FNDA:7,clearScore
DA:1,1
DA:2,1
DA:4,1
DA:11,3
DA:12,1
DA:14,2
DA:15,1
DA:17,1
DA:22,5
DA:23,4
DA:25,5
DA:30,0
DA:31,0
DA:35,0
DA:36,0
DA:40,0
DA:49,7
LF:17
LH:12
BRDA:11,0,0,1
BRDA:11,0,1,2
BRDA:14,1,0,1
BRDA:14,1,1,1
BRDA:22,2,0,4
BRDA:22,2,1,1
BRDA:35,3,0,0
BRDA:35,3,1,0
BRF:8
BRH:6
end_of_record
