TN:
SF:js/quizQuestions.js
FNF:0
FNH:0
DA:1,1
LF:1
LH:1
BRF:0
BRH:0
end_of_record
TN:
SF:js/utils.js
FN:10,saveUserName
FN:21,increaseScore
FN:29,randomizeQuestion
FN:30,(anonymous_3)
FN:35,answerSelected
FN:51,clearScore
FN:54,clearQuiz
FNF:7
FNH:7
FNDA:3,saveUserName
FNDA:5,increaseScore
FNDA:2,randomizeQuestion
FNDA:273,(anonymous_3)
FNDA:4,answerSelected
FNDA:7,clearScore
FNDA:3,clearQuiz
DA:1,1
DA:2,1
DA:4,1
DA:5,1
DA:11,3
DA:12,1
DA:14,2
DA:15,1
DA:17,1
DA:22,5
DA:23,4
DA:25,5
DA:30,273
DA:31,2
DA:32,2
DA:36,4
DA:37,3
DA:41,1
DA:42,1
DA:52,7
DA:55,3
DA:58,1
LF:22
LH:22
BRDA:11,0,0,1
BRDA:11,0,1,2
BRDA:14,1,0,1
BRDA:14,1,1,1
BRDA:22,2,0,4
BRDA:22,2,1,1
BRDA:36,3,0,3
BRDA:36,3,1,1
BRF:8
BRH:8
end_of_record
